<?xml version="1.0" encoding="UTF-8"?>
<!-- Generated by org.testng.reporters.JUnitReportReporter -->
<testsuite hostname="LK-KAM" failures="0" tests="1" name="SelionPkg.SelionBasic" time="51.961" errors="1" timestamp="03 Oct 2018 00:04:12 GMT" skipped="0">
  <testcase classname="SelionPkg.SelionBasic" name="DemoTest1" time="51.961">
    <error message="Unable to connect to host 127.0.0.1 on port 7055 after 45000 ms. Firefox console output:
la.com to C:\Program Files (x86)\Mozilla Firefox\browser\features\followonsearch@mozilla.com.xpi
1538525005562	addons.xpi	INFO	Mapping formautofill@mozilla.org to C:\Program Files (x86)\Mozilla Firefox\browser\features\formautofill@mozilla.org.xpi
1538525005562	addons.xpi	INFO	Mapping onboarding@mozilla.org to C:\Program Files (x86)\Mozilla Firefox\browser\features\onboarding@mozilla.org.xpi
1538525005562	addons.xpi	INFO	Mapping screenshots@mozilla.org to C:\Program Files (x86)\Mozilla Firefox\browser\features\screenshots@mozilla.org.xpi
1538525005562	addons.xpi	INFO	Mapping webcompat@mozilla.org to C:\Program Files (x86)\Mozilla Firefox\browser\features\webcompat@mozilla.org.xpi
1538525005562	addons.xpi	DEBUG	Existing add-on activity-stream@mozilla.org in app-system-defaults
1538525005562	addons.xpi	DEBUG	Existing add-on aushelper@mozilla.org in app-system-defaults
1538525005563	addons.xpi	DEBUG	Existing add-on firefox@getpocket.com in app-system-defaults
1538525005563	addons.xpi	DEBUG	Existing add-on followonsearch@mozilla.com in app-system-defaults
1538525005563	addons.xpi	DEBUG	Existing add-on formautofill@mozilla.org in app-system-defaults
1538525005563	addons.xpi	DEBUG	Existing add-on onboarding@mozilla.org in app-system-defaults
1538525005564	addons.xpi	DEBUG	Existing add-on screenshots@mozilla.org in app-system-defaults
1538525005564	addons.xpi	DEBUG	Existing add-on webcompat@mozilla.org in app-system-defaults
1538525005564	addons.xpi	INFO	Mapping {972ce4c6-7e08-4474-a285-3208198ce6fd} to C:\Program Files (x86)\Mozilla Firefox\browser\extensions\{972ce4c6-7e08-4474-a285-3208198ce6fd}.xpi
1538525005564	addons.xpi	DEBUG	Existing add-on {972ce4c6-7e08-4474-a285-3208198ce6fd} in app-global
1538525005565	addons.xpi	DEBUG	getInstallState changed: false, state: {}
1538525012680	addons.xpi	DEBUG	Calling bootstrap method shutdown on webcompat@mozilla.org version 1.1
1538525012681	addons.xpi	DEBUG	Calling bootstrap method shutdown on screenshots@mozilla.org version 30.1.0
1538525012686	addons.xpi	DEBUG	Calling bootstrap method shutdown on onboarding@mozilla.org version 1.0
1538525012687	addons.xpi	DEBUG	Calling bootstrap method shutdown on formautofill@mozilla.org version 1.0
1538525012688	addons.xpi	DEBUG	Calling bootstrap method shutdown on followonsearch@mozilla.com version 0.9.6
1538525012688	addons.xpi	DEBUG	Calling bootstrap method shutdown on firefox@getpocket.com version 1.0.5
1538525012688	addons.xpi	DEBUG	Calling bootstrap method shutdown on aushelper@mozilla.org version 2.0
1538525012689	addons.xpi	DEBUG	Calling bootstrap method shutdown on activity-stream@mozilla.org version 2018.04.20.1103-b3b95672
[Child 6376, Chrome_ChildThread] WARNING: pipe error: 109: file z:/build/build/src/ipc/chromium/src/chrome/common/ipc_channel_win.cc, line 346
[Child 35[56,C Chrohme_ChildThread] WARNING: pipe error: 109: file z:/build/build/src/ipc/chromium/src/chrome/common/ipc_channel_win.cc, line 346
[Child 3556, Chrome_Child[Child 15612, Chrome_ChildThread] WARNING: pipe error: 109: file z:/build/build/src/ipc/chromium/src/chrome/common/ipc_channel_win.cc, line 346
[Child 15612, Chrome_ChildThread] WARN1538525012766	addons.manager	DEBUG	shutdown
1538525012766	addons.manager	DEBUG	Calling shutdown blocker for XPIProvider
1538525012766	addons.xpi	DEBUG	shutdown
1538525012766	addons.xpi-utils	DEBUG	shutdown
1538525012767	addons.manager	DEBUG	Calling shutdown blocker for LightweightThemeManager
1538525012767	addons.manager	DEBUG	Calling shutdown blocker for GMPProvider
1538525012767	addons.manager	DEBUG	Calling shutdown blocker for PluginProvider
1538525012767	addons.manager	DEBUG	Calling shutdown blocker for PreviousExperimentProvider
1538525012771	addons.manager	DEBUG	Async provider shutdown done
*** UTM:SVC TimerManager:registerTimer called after profile-before-change notification. Ignoring timer registration for id: telemetry_modules_ping
[GPU 10704, Chrome_ChildThread] WARNING: pipe error: 109: file z:/b
###!!! [Child][MessageChannel::SendAndWait] Error: Channel error: cannot send/recv


Command duration or timeout: 47.17 seconds
Build info: version: &#039;2.53.1&#039;, revision: &#039;a36b8b1cd5757287168e54b817830adce9b0158d&#039;, time: &#039;2016-06-30 19:26:09&#039;
System info: host: &#039;LK-KAM&#039;, ip: &#039;10.171.251.173&#039;, os.name: &#039;Windows 10&#039;, os.arch: &#039;amd64&#039;, os.version: &#039;10.0&#039;, java.version: &#039;9.0.4&#039;
Driver info: org.openqa.selenium.remote.RemoteWebDriver" type="org.openqa.selenium.WebDriverException">
      <![CDATA[org.openqa.selenium.WebDriverException: Unable to connect to host 127.0.0.1 on port 7055 after 45000 ms. Firefox console output:
la.com to C:\Program Files (x86)\Mozilla Firefox\browser\features\followonsearch@mozilla.com.xpi
1538525005562addons.xpiINFOMapping formautofill@mozilla.org to C:\Program Files (x86)\Mozilla Firefox\browser\features\formautofill@mozilla.org.xpi
1538525005562addons.xpiINFOMapping onboarding@mozilla.org to C:\Program Files (x86)\Mozilla Firefox\browser\features\onboarding@mozilla.org.xpi
1538525005562addons.xpiINFOMapping screenshots@mozilla.org to C:\Program Files (x86)\Mozilla Firefox\browser\features\screenshots@mozilla.org.xpi
1538525005562addons.xpiINFOMapping webcompat@mozilla.org to C:\Program Files (x86)\Mozilla Firefox\browser\features\webcompat@mozilla.org.xpi
1538525005562addons.xpiDEBUGExisting add-on activity-stream@mozilla.org in app-system-defaults
1538525005562addons.xpiDEBUGExisting add-on aushelper@mozilla.org in app-system-defaults
1538525005563addons.xpiDEBUGExisting add-on firefox@getpocket.com in app-system-defaults
1538525005563addons.xpiDEBUGExisting add-on followonsearch@mozilla.com in app-system-defaults
1538525005563addons.xpiDEBUGExisting add-on formautofill@mozilla.org in app-system-defaults
1538525005563addons.xpiDEBUGExisting add-on onboarding@mozilla.org in app-system-defaults
1538525005564addons.xpiDEBUGExisting add-on screenshots@mozilla.org in app-system-defaults
1538525005564addons.xpiDEBUGExisting add-on webcompat@mozilla.org in app-system-defaults
1538525005564addons.xpiINFOMapping {972ce4c6-7e08-4474-a285-3208198ce6fd} to C:\Program Files (x86)\Mozilla Firefox\browser\extensions\{972ce4c6-7e08-4474-a285-3208198ce6fd}.xpi
1538525005564addons.xpiDEBUGExisting add-on {972ce4c6-7e08-4474-a285-3208198ce6fd} in app-global
1538525005565addons.xpiDEBUGgetInstallState changed: false, state: {}
1538525012680addons.xpiDEBUGCalling bootstrap method shutdown on webcompat@mozilla.org version 1.1
1538525012681addons.xpiDEBUGCalling bootstrap method shutdown on screenshots@mozilla.org version 30.1.0
1538525012686addons.xpiDEBUGCalling bootstrap method shutdown on onboarding@mozilla.org version 1.0
1538525012687addons.xpiDEBUGCalling bootstrap method shutdown on formautofill@mozilla.org version 1.0
1538525012688addons.xpiDEBUGCalling bootstrap method shutdown on followonsearch@mozilla.com version 0.9.6
1538525012688addons.xpiDEBUGCalling bootstrap method shutdown on firefox@getpocket.com version 1.0.5
1538525012688addons.xpiDEBUGCalling bootstrap method shutdown on aushelper@mozilla.org version 2.0
1538525012689addons.xpiDEBUGCalling bootstrap method shutdown on activity-stream@mozilla.org version 2018.04.20.1103-b3b95672
[Child 6376, Chrome_ChildThread] WARNING: pipe error: 109: file z:/build/build/src/ipc/chromium/src/chrome/common/ipc_channel_win.cc, line 346
[Child 35[56,C Chrohme_ChildThread] WARNING: pipe error: 109: file z:/build/build/src/ipc/chromium/src/chrome/common/ipc_channel_win.cc, line 346
[Child 3556, Chrome_Child[Child 15612, Chrome_ChildThread] WARNING: pipe error: 109: file z:/build/build/src/ipc/chromium/src/chrome/common/ipc_channel_win.cc, line 346
[Child 15612, Chrome_ChildThread] WARN1538525012766addons.managerDEBUGshutdown
1538525012766addons.managerDEBUGCalling shutdown blocker for XPIProvider
1538525012766addons.xpiDEBUGshutdown
1538525012766addons.xpi-utilsDEBUGshutdown
1538525012767addons.managerDEBUGCalling shutdown blocker for LightweightThemeManager
1538525012767addons.managerDEBUGCalling shutdown blocker for GMPProvider
1538525012767addons.managerDEBUGCalling shutdown blocker for PluginProvider
1538525012767addons.managerDEBUGCalling shutdown blocker for PreviousExperimentProvider
1538525012771addons.managerDEBUGAsync provider shutdown done
*** UTM:SVC TimerManager:registerTimer called after profile-before-change notification. Ignoring timer registration for id: telemetry_modules_ping
[GPU 10704, Chrome_ChildThread] WARNING: pipe error: 109: file z:/b
###!!! [Child][MessageChannel::SendAndWait] Error: Channel error: cannot send/recv


Command duration or timeout: 47.17 seconds
Build info: version: '2.53.1', revision: 'a36b8b1cd5757287168e54b817830adce9b0158d', time: '2016-06-30 19:26:09'
System info: host: 'LK-KAM', ip: '10.171.251.173', os.name: 'Windows 10', os.arch: 'amd64', os.version: '10.0', java.version: '9.0.4'
Driver info: org.openqa.selenium.remote.RemoteWebDriver
at java.base/jdk.internal.reflect.NativeConstructorAccessorImpl.newInstance0(Native Method)
at java.base/jdk.internal.reflect.NativeConstructorAccessorImpl.newInstance(NativeConstructorAccessorImpl.java:62)
at java.base/jdk.internal.reflect.DelegatingConstructorAccessorImpl.newInstance(DelegatingConstructorAccessorImpl.java:45)
at java.base/java.lang.reflect.Constructor.newInstance(Constructor.java:488)
at org.openqa.selenium.remote.ErrorHandler.createThrowable(ErrorHandler.java:206)
at org.openqa.selenium.remote.ErrorHandler.throwIfResponseFailed(ErrorHandler.java:158)
at org.openqa.selenium.remote.RemoteWebDriver.execute(RemoteWebDriver.java:678)
at org.openqa.selenium.remote.RemoteWebDriver.startSession(RemoteWebDriver.java:249)
at org.openqa.selenium.remote.RemoteWebDriver.<init>(RemoteWebDriver.java:131)
at org.openqa.selenium.remote.RemoteWebDriver.<init>(RemoteWebDriver.java:158)
at com.paypal.selion.internal.platform.grid.browsercapabilities.WebDriverFactory.createDriverInstance(WebDriverFactory.java:108)
at com.paypal.selion.internal.platform.grid.browsercapabilities.WebDriverFactory.createInstance(WebDriverFactory.java:93)
at com.paypal.selion.internal.platform.grid.WebTestSession.createSession(WebTestSession.java:147)
at com.paypal.selion.internal.platform.grid.WebTestSession.startSession(WebTestSession.java:163)
at com.paypal.selion.platform.grid.Grid.driver(Grid.java:107)
at SelionPkg.SelionBasic.DemoTest1(SelionBasic.java:13)
at java.base/jdk.internal.reflect.NativeMethodAccessorImpl.invoke0(Native Method)
at java.base/jdk.internal.reflect.NativeMethodAccessorImpl.invoke(NativeMethodAccessorImpl.java:62)
at java.base/jdk.internal.reflect.DelegatingMethodAccessorImpl.invoke(DelegatingMethodAccessorImpl.java:43)
at java.base/java.lang.reflect.Method.invoke(Method.java:564)
at org.testng.internal.MethodInvocationHelper.invokeMethod(MethodInvocationHelper.java:124)
at org.testng.internal.Invoker.invokeMethod(Invoker.java:580)
at org.testng.internal.Invoker.invokeTestMethod(Invoker.java:716)
at org.testng.internal.Invoker.invokeTestMethods(Invoker.java:988)
at org.testng.internal.TestMethodWorker.invokeTestMethods(TestMethodWorker.java:125)
at org.testng.internal.TestMethodWorker.run(TestMethodWorker.java:109)
at java.base/java.util.concurrent.ThreadPoolExecutor.runWorker(ThreadPoolExecutor.java:1167)
at java.base/java.util.concurrent.ThreadPoolExecutor$Worker.run(ThreadPoolExecutor.java:641)
at java.base/java.lang.Thread.run(Thread.java:844)
Caused by: org.openqa.selenium.remote.ErrorHandler$UnknownServerException: Unable to connect to host 127.0.0.1 on port 7055 after 45000 ms. Firefox console output:
la.com to C:\Program Files (x86)\Mozilla Firefox\browser\features\followonsearch@mozilla.com.xpi
1538525005562addons.xpiINFOMapping formautofill@mozilla.org to C:\Program Files (x86)\Mozilla Firefox\browser\features\formautofill@mozilla.org.xpi
1538525005562addons.xpiINFOMapping onboarding@mozilla.org to C:\Program Files (x86)\Mozilla Firefox\browser\features\onboarding@mozilla.org.xpi
1538525005562addons.xpiINFOMapping screenshots@mozilla.org to C:\Program Files (x86)\Mozilla Firefox\browser\features\screenshots@mozilla.org.xpi
1538525005562addons.xpiINFOMapping webcompat@mozilla.org to C:\Program Files (x86)\Mozilla Firefox\browser\features\webcompat@mozilla.org.xpi
1538525005562addons.xpiDEBUGExisting add-on activity-stream@mozilla.org in app-system-defaults
1538525005562addons.xpiDEBUGExisting add-on aushelper@mozilla.org in app-system-defaults
1538525005563addons.xpiDEBUGExisting add-on firefox@getpocket.com in app-system-defaults
1538525005563addons.xpiDEBUGExisting add-on followonsearch@mozilla.com in app-system-defaults
1538525005563addons.xpiDEBUGExisting add-on formautofill@mozilla.org in app-system-defaults
1538525005563addons.xpiDEBUGExisting add-on onboarding@mozilla.org in app-system-defaults
1538525005564addons.xpiDEBUGExisting add-on screenshots@mozilla.org in app-system-defaults
1538525005564addons.xpiDEBUGExisting add-on webcompat@mozilla.org in app-system-defaults
1538525005564addons.xpiINFOMapping {972ce4c6-7e08-4474-a285-3208198ce6fd} to C:\Program Files (x86)\Mozilla Firefox\browser\extensions\{972ce4c6-7e08-4474-a285-3208198ce6fd}.xpi
1538525005564addons.xpiDEBUGExisting add-on {972ce4c6-7e08-4474-a285-3208198ce6fd} in app-global
1538525005565addons.xpiDEBUGgetInstallState changed: false, state: {}
1538525012680addons.xpiDEBUGCalling bootstrap method shutdown on webcompat@mozilla.org version 1.1
1538525012681addons.xpiDEBUGCalling bootstrap method shutdown on screenshots@mozilla.org version 30.1.0
1538525012686addons.xpiDEBUGCalling bootstrap method shutdown on onboarding@mozilla.org version 1.0
1538525012687addons.xpiDEBUGCalling bootstrap method shutdown on formautofill@mozilla.org version 1.0
1538525012688addons.xpiDEBUGCalling bootstrap method shutdown on followonsearch@mozilla.com version 0.9.6
1538525012688addons.xpiDEBUGCalling bootstrap method shutdown on firefox@getpocket.com version 1.0.5
1538525012688addons.xpiDEBUGCalling bootstrap method shutdown on aushelper@mozilla.org version 2.0
1538525012689addons.xpiDEBUGCalling bootstrap method shutdown on activity-stream@mozilla.org version 2018.04.20.1103-b3b95672
[Child 6376, Chrome_ChildThread] WARNING: pipe error: 109: file z:/build/build/src/ipc/chromium/src/chrome/common/ipc_channel_win.cc, line 346
[Child 35[56,C Chrohme_ChildThread] WARNING: pipe error: 109: file z:/build/build/src/ipc/chromium/src/chrome/common/ipc_channel_win.cc, line 346
[Child 3556, Chrome_Child[Child 15612, Chrome_ChildThread] WARNING: pipe error: 109: file z:/build/build/src/ipc/chromium/src/chrome/common/ipc_channel_win.cc, line 346
[Child 15612, Chrome_ChildThread] WARN1538525012766addons.managerDEBUGshutdown
1538525012766addons.managerDEBUGCalling shutdown blocker for XPIProvider
1538525012766addons.xpiDEBUGshutdown
1538525012766addons.xpi-utilsDEBUGshutdown
1538525012767addons.managerDEBUGCalling shutdown blocker for LightweightThemeManager
1538525012767addons.managerDEBUGCalling shutdown blocker for GMPProvider
1538525012767addons.managerDEBUGCalling shutdown blocker for PluginProvider
1538525012767addons.managerDEBUGCalling shutdown blocker for PreviousExperimentProvider
1538525012771addons.managerDEBUGAsync provider shutdown done
*** UTM:SVC TimerManager:registerTimer called after profile-before-change notification. Ignoring timer registration for id: telemetry_modules_ping
[GPU 10704, Chrome_ChildThread] WARNING: pipe error: 109: file z:/b
###!!! [Child][MessageChannel::SendAndWait] Error: Channel error: cannot send/recv


Build info: version: '2.53.1', revision: 'a36b8b1cd5757287168e54b817830adce9b0158d', time: '2016-06-30 19:26:09'
System info: host: 'LK-KAM', ip: '10.171.251.173', os.name: 'Windows 10', os.arch: 'amd64', os.version: '10.0', java.version: '9.0.4'
Driver info: driver.version: FirefoxDriver
at org.openqa.selenium.firefox.internal.NewProfileExtensionConnection.start(NewProfileExtensionConnection.java:113)
at org.openqa.selenium.firefox.FirefoxDriver.startClient(FirefoxDriver.java:271)
at org.openqa.selenium.remote.RemoteWebDriver.<init>(RemoteWebDriver.java:119)
at org.openqa.selenium.firefox.FirefoxDriver.<init>(FirefoxDriver.java:216)
at org.openqa.selenium.firefox.FirefoxDriver.<init>(FirefoxDriver.java:211)
at org.openqa.selenium.firefox.FirefoxDriver.<init>(FirefoxDriver.java:128)
at jdk.internal.reflect.NativeConstructorAccessorImpl.newInstance0(Native Method)
at jdk.internal.reflect.NativeConstructorAccessorImpl.newInstance(NativeConstructorAccessorImpl.java:62)
at jdk.internal.reflect.DelegatingConstructorAccessorImpl.newInstance(DelegatingConstructorAccessorImpl.java:45)
at java.lang.reflect.Constructor.newInstance(Constructor.java:488)
at org.openqa.selenium.remote.server.FirefoxDriverProvider.callConstructor(FirefoxDriverProvider.java:91)
at org.openqa.selenium.remote.server.FirefoxDriverProvider.newInstance(FirefoxDriverProvider.java:68)
at org.openqa.selenium.remote.server.DefaultDriverFactory.newInstance(DefaultDriverFactory.java:60)
at org.openqa.selenium.remote.server.DefaultSession$BrowserCreator.call(DefaultSession.java:222)
at org.openqa.selenium.remote.server.DefaultSession$BrowserCreator.call(DefaultSession.java:209)
at java.util.concurrent.FutureTask.run(FutureTask.java:264)
at org.openqa.selenium.remote.server.DefaultSession$1.run(DefaultSession.java:176)
at java.util.concurrent.ThreadPoolExecutor.runWorker(ThreadPoolExecutor.java:1167)
at java.util.concurrent.ThreadPoolExecutor$Worker.run(ThreadPoolExecutor.java:641)
at java.lang.Thread.run(Thread.java:844)
]]>
    </error>
  </testcase> <!-- DemoTest1 -->
</testsuite> <!-- SelionPkg.SelionBasic -->
