<!DOCTYPE html PUBLIC "-//W3C//DTD XHTML 1.1//EN" "http://www.w3.org/TR/xhtml11/DTD/xhtml11.dtd">
<html xmlns="http://www.w3.org/1999/xhtml">
<head>
<meta http-equiv="content-type" content="text/html; charset=UTF-8"/>
<title>TestNG Report</title>
<style type="text/css">table {margin-bottom:10px;border-collapse:collapse;empty-cells:show}th,td {border:1px solid #009;padding:.25em .5em}th {vertical-align:bottom}td {vertical-align:top}table a {font-weight:bold}.stripe td {background-color: #E6EBF9}.num {text-align:right}.passedodd td {background-color: #3F3}.passedeven td {background-color: #0A0}.skippedodd td {background-color: #DDD}.skippedeven td {background-color: #CCC}.failedodd td,.attn {background-color: #F33}.failedeven td,.stripe .attn {background-color: #D00}.stacktrace {white-space:pre;font-family:monospace}.totop {font-size:85%;text-align:center;border-bottom:2px solid #000}.invisible {display:none}</style>
</head>
<body>
<table>
<tr><th>Test</th><th># Passed</th><th># Skipped</th><th># Failed</th><th>Time (ms)</th><th>Included Groups</th><th>Excluded Groups</th></tr>
<tr><th colspan="7">Selion Test</th></tr>
<tr><td><a href="#t0">SampleTest</a></td><td class="num">0</td><td class="num">0</td><td class="num attn">1</td><td class="num">52,010</td><td></td><td></td></tr>
</table>
<table id='summary'><thead><tr><th>Class</th><th>Method</th><th>Start</th><th>Time (ms)</th></tr></thead><tbody><tr><th colspan="4">Selion Test</th></tr></tbody><tbody id="t0"><tr><th colspan="4">SampleTest &#8212; failed</th></tr><tr class="failedeven"><td rowspan="1">SelionPkg.SelionBasic</td><td><a href="#m0">DemoTest1</a></td><td rowspan="1">1538524998039</td><td rowspan="1">51961</td></tr></tbody>
</table>
<h2>SampleTest</h2><h3 id="m0">SelionPkg.SelionBasic#DemoTest1</h3><table class="result"><tr><th>Exception</th></tr><tr><td><div class="stacktrace">org.openqa.selenium.WebDriverException: Unable to connect to host 127.0.0.1 on port 7055 after 45000 ms. Firefox console output:
la.com to C:\Program Files (x86)\Mozilla Firefox\browser\features\followonsearch@mozilla.com.xpi
1538525005562	addons.xpi	INFO	Mapping formautofill@mozilla.org to C:\Program Files (x86)\Mozilla Firefox\browser\features\formautofill@mozilla.org.xpi
1538525005562	addons.xpi	INFO	Mapping onboarding@mozilla.org to C:\Program Files (x86)\Mozilla Firefox\browser\features\onboarding@mozilla.org.xpi
1538525005562	addons.xpi	INFO	Mapping screenshots@mozilla.org to C:\Program Files (x86)\Mozilla Firefox\browser\features\screenshots@mozilla.org.xpi
1538525005562	addons.xpi	INFO	Mapping webcompat@mozilla.org to C:\Program Files (x86)\Mozilla Firefox\browser\features\webcompat@mozilla.org.xpi
1538525005562	addons.xpi	DEBUG	Existing add-on activity-stream@mozilla.org in app-system-defaults
1538525005562	addons.xpi	DEBUG	Existing add-on aushelper@mozilla.org in app-system-defaults
1538525005563	addons.xpi	DEBUG	Existing add-on firefox@getpocket.com in app-system-defaults
1538525005563	addons.xpi	DEBUG	Existing add-on followonsearch@mozilla.com in app-system-defaults
1538525005563	addons.xpi	DEBUG	Existing add-on formautofill@mozilla.org in app-system-defaults
1538525005563	addons.xpi	DEBUG	Existing add-on onboarding@mozilla.org in app-system-defaults
1538525005564	addons.xpi	DEBUG	Existing add-on screenshots@mozilla.org in app-system-defaults
1538525005564	addons.xpi	DEBUG	Existing add-on webcompat@mozilla.org in app-system-defaults
1538525005564	addons.xpi	INFO	Mapping {972ce4c6-7e08-4474-a285-3208198ce6fd} to C:\Program Files (x86)\Mozilla Firefox\browser\extensions\{972ce4c6-7e08-4474-a285-3208198ce6fd}.xpi
1538525005564	addons.xpi	DEBUG	Existing add-on {972ce4c6-7e08-4474-a285-3208198ce6fd} in app-global
1538525005565	addons.xpi	DEBUG	getInstallState changed: false, state: {}
1538525012680	addons.xpi	DEBUG	Calling bootstrap method shutdown on webcompat@mozilla.org version 1.1
1538525012681	addons.xpi	DEBUG	Calling bootstrap method shutdown on screenshots@mozilla.org version 30.1.0
1538525012686	addons.xpi	DEBUG	Calling bootstrap method shutdown on onboarding@mozilla.org version 1.0
1538525012687	addons.xpi	DEBUG	Calling bootstrap method shutdown on formautofill@mozilla.org version 1.0
1538525012688	addons.xpi	DEBUG	Calling bootstrap method shutdown on followonsearch@mozilla.com version 0.9.6
1538525012688	addons.xpi	DEBUG	Calling bootstrap method shutdown on firefox@getpocket.com version 1.0.5
1538525012688	addons.xpi	DEBUG	Calling bootstrap method shutdown on aushelper@mozilla.org version 2.0
1538525012689	addons.xpi	DEBUG	Calling bootstrap method shutdown on activity-stream@mozilla.org version 2018.04.20.1103-b3b95672
[Child 6376, Chrome_ChildThread] WARNING: pipe error: 109: file z:/build/build/src/ipc/chromium/src/chrome/common/ipc_channel_win.cc, line 346
[Child 35[56,C Chrohme_ChildThread] WARNING: pipe error: 109: file z:/build/build/src/ipc/chromium/src/chrome/common/ipc_channel_win.cc, line 346
[Child 3556, Chrome_Child[Child 15612, Chrome_ChildThread] WARNING: pipe error: 109: file z:/build/build/src/ipc/chromium/src/chrome/common/ipc_channel_win.cc, line 346
[Child 15612, Chrome_ChildThread] WARN1538525012766	addons.manager	DEBUG	shutdown
1538525012766	addons.manager	DEBUG	Calling shutdown blocker for XPIProvider
1538525012766	addons.xpi	DEBUG	shutdown
1538525012766	addons.xpi-utils	DEBUG	shutdown
1538525012767	addons.manager	DEBUG	Calling shutdown blocker for LightweightThemeManager
1538525012767	addons.manager	DEBUG	Calling shutdown blocker for GMPProvider
1538525012767	addons.manager	DEBUG	Calling shutdown blocker for PluginProvider
1538525012767	addons.manager	DEBUG	Calling shutdown blocker for PreviousExperimentProvider
1538525012771	addons.manager	DEBUG	Async provider shutdown done
*** UTM:SVC TimerManager:registerTimer called after profile-before-change notification. Ignoring timer registration for id: telemetry_modules_ping
[GPU 10704, Chrome_ChildThread] WARNING: pipe error: 109: file z:/b
###!!! [Child][MessageChannel::SendAndWait] Error: Channel error: cannot send/recv


Command duration or timeout: 47.17 seconds
Build info: version: &apos;2.53.1&apos;, revision: &apos;a36b8b1cd5757287168e54b817830adce9b0158d&apos;, time: &apos;2016-06-30 19:26:09&apos;
System info: host: &apos;LK-KAM&apos;, ip: &apos;10.171.251.173&apos;, os.name: &apos;Windows 10&apos;, os.arch: &apos;amd64&apos;, os.version: &apos;10.0&apos;, java.version: &apos;9.0.4&apos;
Driver info: org.openqa.selenium.remote.RemoteWebDriver
	at org.openqa.selenium.remote.ErrorHandler.createThrowable(ErrorHandler.java:206)
	at org.openqa.selenium.remote.ErrorHandler.throwIfResponseFailed(ErrorHandler.java:158)
	at org.openqa.selenium.remote.RemoteWebDriver.execute(RemoteWebDriver.java:678)
	at org.openqa.selenium.remote.RemoteWebDriver.startSession(RemoteWebDriver.java:249)
	at org.openqa.selenium.remote.RemoteWebDriver.&lt;init&gt;(RemoteWebDriver.java:131)
	at org.openqa.selenium.remote.RemoteWebDriver.&lt;init&gt;(RemoteWebDriver.java:158)
	at com.paypal.selion.internal.platform.grid.browsercapabilities.WebDriverFactory.createDriverInstance(WebDriverFactory.java:108)
	at com.paypal.selion.internal.platform.grid.browsercapabilities.WebDriverFactory.createInstance(WebDriverFactory.java:93)
	at com.paypal.selion.internal.platform.grid.WebTestSession.createSession(WebTestSession.java:147)
	at com.paypal.selion.internal.platform.grid.WebTestSession.startSession(WebTestSession.java:163)
	at com.paypal.selion.platform.grid.Grid.driver(Grid.java:107)
	at SelionPkg.SelionBasic.DemoTest1(SelionBasic.java:13)
	at java.base/java.util.concurrent.ThreadPoolExecutor.runWorker(ThreadPoolExecutor.java:1167)
	at java.base/java.util.concurrent.ThreadPoolExecutor$Worker.run(ThreadPoolExecutor.java:641)
	at java.base/java.lang.Thread.run(Thread.java:844)
Caused by: org.openqa.selenium.remote.ErrorHandler$UnknownServerException: Unable to connect to host 127.0.0.1 on port 7055 after 45000 ms. Firefox console output:
la.com to C:\Program Files (x86)\Mozilla Firefox\browser\features\followonsearch@mozilla.com.xpi
1538525005562	addons.xpi	INFO	Mapping formautofill@mozilla.org to C:\Program Files (x86)\Mozilla Firefox\browser\features\formautofill@mozilla.org.xpi
1538525005562	addons.xpi	INFO	Mapping onboarding@mozilla.org to C:\Program Files (x86)\Mozilla Firefox\browser\features\onboarding@mozilla.org.xpi
1538525005562	addons.xpi	INFO	Mapping screenshots@mozilla.org to C:\Program Files (x86)\Mozilla Firefox\browser\features\screenshots@mozilla.org.xpi
1538525005562	addons.xpi	INFO	Mapping webcompat@mozilla.org to C:\Program Files (x86)\Mozilla Firefox\browser\features\webcompat@mozilla.org.xpi
1538525005562	addons.xpi	DEBUG	Existing add-on activity-stream@mozilla.org in app-system-defaults
1538525005562	addons.xpi	DEBUG	Existing add-on aushelper@mozilla.org in app-system-defaults
1538525005563	addons.xpi	DEBUG	Existing add-on firefox@getpocket.com in app-system-defaults
1538525005563	addons.xpi	DEBUG	Existing add-on followonsearch@mozilla.com in app-system-defaults
1538525005563	addons.xpi	DEBUG	Existing add-on formautofill@mozilla.org in app-system-defaults
1538525005563	addons.xpi	DEBUG	Existing add-on onboarding@mozilla.org in app-system-defaults
1538525005564	addons.xpi	DEBUG	Existing add-on screenshots@mozilla.org in app-system-defaults
1538525005564	addons.xpi	DEBUG	Existing add-on webcompat@mozilla.org in app-system-defaults
1538525005564	addons.xpi	INFO	Mapping {972ce4c6-7e08-4474-a285-3208198ce6fd} to C:\Program Files (x86)\Mozilla Firefox\browser\extensions\{972ce4c6-7e08-4474-a285-3208198ce6fd}.xpi
1538525005564	addons.xpi	DEBUG	Existing add-on {972ce4c6-7e08-4474-a285-3208198ce6fd} in app-global
1538525005565	addons.xpi	DEBUG	getInstallState changed: false, state: {}
1538525012680	addons.xpi	DEBUG	Calling bootstrap method shutdown on webcompat@mozilla.org version 1.1
1538525012681	addons.xpi	DEBUG	Calling bootstrap method shutdown on screenshots@mozilla.org version 30.1.0
1538525012686	addons.xpi	DEBUG	Calling bootstrap method shutdown on onboarding@mozilla.org version 1.0
1538525012687	addons.xpi	DEBUG	Calling bootstrap method shutdown on formautofill@mozilla.org version 1.0
1538525012688	addons.xpi	DEBUG	Calling bootstrap method shutdown on followonsearch@mozilla.com version 0.9.6
1538525012688	addons.xpi	DEBUG	Calling bootstrap method shutdown on firefox@getpocket.com version 1.0.5
1538525012688	addons.xpi	DEBUG	Calling bootstrap method shutdown on aushelper@mozilla.org version 2.0
1538525012689	addons.xpi	DEBUG	Calling bootstrap method shutdown on activity-stream@mozilla.org version 2018.04.20.1103-b3b95672
[Child 6376, Chrome_ChildThread] WARNING: pipe error: 109: file z:/build/build/src/ipc/chromium/src/chrome/common/ipc_channel_win.cc, line 346
[Child 35[56,C Chrohme_ChildThread] WARNING: pipe error: 109: file z:/build/build/src/ipc/chromium/src/chrome/common/ipc_channel_win.cc, line 346
[Child 3556, Chrome_Child[Child 15612, Chrome_ChildThread] WARNING: pipe error: 109: file z:/build/build/src/ipc/chromium/src/chrome/common/ipc_channel_win.cc, line 346
[Child 15612, Chrome_ChildThread] WARN1538525012766	addons.manager	DEBUG	shutdown
1538525012766	addons.manager	DEBUG	Calling shutdown blocker for XPIProvider
1538525012766	addons.xpi	DEBUG	shutdown
1538525012766	addons.xpi-utils	DEBUG	shutdown
1538525012767	addons.manager	DEBUG	Calling shutdown blocker for LightweightThemeManager
1538525012767	addons.manager	DEBUG	Calling shutdown blocker for GMPProvider
1538525012767	addons.manager	DEBUG	Calling shutdown blocker for PluginProvider
1538525012767	addons.manager	DEBUG	Calling shutdown blocker for PreviousExperimentProvider
1538525012771	addons.manager	DEBUG	Async provider shutdown done
*** UTM:SVC TimerManager:registerTimer called after profile-before-change notification. Ignoring timer registration for id: telemetry_modules_ping
[GPU 10704, Chrome_ChildThread] WARNING: pipe error: 109: file z:/b
###!!! [Child][MessageChannel::SendAndWait] Error: Channel error: cannot send/recv


Build info: version: &apos;2.53.1&apos;, revision: &apos;a36b8b1cd5757287168e54b817830adce9b0158d&apos;, time: &apos;2016-06-30 19:26:09&apos;
System info: host: &apos;LK-KAM&apos;, ip: &apos;10.171.251.173&apos;, os.name: &apos;Windows 10&apos;, os.arch: &apos;amd64&apos;, os.version: &apos;10.0&apos;, java.version: &apos;9.0.4&apos;
Driver info: driver.version: FirefoxDriver
	at org.openqa.selenium.firefox.internal.NewProfileExtensionConnection.start(NewProfileExtensionConnection.java:113)
	at org.openqa.selenium.firefox.FirefoxDriver.startClient(FirefoxDriver.java:271)
	at org.openqa.selenium.remote.RemoteWebDriver.&lt;init&gt;(RemoteWebDriver.java:119)
	at org.openqa.selenium.firefox.FirefoxDriver.&lt;init&gt;(FirefoxDriver.java:216)
	at org.openqa.selenium.firefox.FirefoxDriver.&lt;init&gt;(FirefoxDriver.java:211)
	at org.openqa.selenium.firefox.FirefoxDriver.&lt;init&gt;(FirefoxDriver.java:128)
	at org.openqa.selenium.remote.server.FirefoxDriverProvider.callConstructor(FirefoxDriverProvider.java:91)
	at org.openqa.selenium.remote.server.FirefoxDriverProvider.newInstance(FirefoxDriverProvider.java:68)
	at org.openqa.selenium.remote.server.DefaultDriverFactory.newInstance(DefaultDriverFactory.java:60)
	at org.openqa.selenium.remote.server.DefaultSession$BrowserCreator.call(DefaultSession.java:222)
	at org.openqa.selenium.remote.server.DefaultSession$BrowserCreator.call(DefaultSession.java:209)
	at java.util.concurrent.FutureTask.run(FutureTask.java:264)
	at org.openqa.selenium.remote.server.DefaultSession$1.run(DefaultSession.java:176)
	at java.util.concurrent.ThreadPoolExecutor.runWorker(ThreadPoolExecutor.java:1167)
	at java.util.concurrent.ThreadPoolExecutor$Worker.run(ThreadPoolExecutor.java:641)
	at java.lang.Thread.run(Thread.java:844)
... Removed 18 stack frames</div></td></tr></table><p class="totop"><a href="#summary">back to summary</a></p>
</body>
</html>
