<?xml version="1.0" encoding="UTF-8"?>
<!-- Generated by org.testng.reporters.JUnitXMLReporter -->
<testsuite ignored="0" hostname="LK-KAM" failures="1" tests="1" name="Default test" time="0.268" errors="0" timestamp="02 Oct 2018 23:23:33 GMT">
  <testcase classname="SelionPkg.SelionBasic" name="DemoTest1" time="0.217">
    <failure type="java.lang.NoClassDefFoundError" message="org/openqa/selenium/MutableCapabilities">
      <![CDATA[java.lang.NoClassDefFoundError: org/openqa/selenium/MutableCapabilities
at org.openqa.selenium.json.JsonTypeCoercer.<init>(JsonTypeCoercer.java:87)
at org.openqa.selenium.json.JsonTypeCoercer.<init>(JsonTypeCoercer.java:49)
at org.openqa.selenium.json.Json.<init>(Json.java:44)
at org.openqa.selenium.firefox.Preferences.readDefaultPreferences(Preferences.java:96)
at org.openqa.selenium.firefox.Preferences.<init>(Preferences.java:66)
at org.openqa.selenium.firefox.FirefoxProfile.<init>(FirefoxProfile.java:82)
at org.openqa.selenium.firefox.FirefoxProfile.<init>(FirefoxProfile.java:72)
at org.openqa.selenium.firefox.FirefoxProfile.<init>(FirefoxProfile.java:61)
at com.paypal.selion.internal.platform.grid.browsercapabilities.FireFoxCapabilitiesBuilder.getProfile(FireFoxCapabilitiesBuilder.java:66)
at com.paypal.selion.internal.platform.grid.browsercapabilities.FireFoxCapabilitiesBuilder.prepareFireFoxProfile(FireFoxCapabilitiesBuilder.java:92)
at com.paypal.selion.internal.platform.grid.browsercapabilities.FireFoxCapabilitiesBuilder.getCapabilities(FireFoxCapabilitiesBuilder.java:39)
at com.paypal.selion.platform.grid.browsercapabilities.DefaultCapabilitiesBuilder.createCapabilities(DefaultCapabilitiesBuilder.java:38)
at com.paypal.selion.internal.platform.grid.browsercapabilities.WebDriverFactory.createInstance(WebDriverFactory.java:63)
at com.paypal.selion.internal.platform.grid.WebTestSession.createSession(WebTestSession.java:147)
at com.paypal.selion.internal.platform.grid.WebTestSession.startSession(WebTestSession.java:163)
at com.paypal.selion.platform.grid.Grid.driver(Grid.java:107)
at SelionPkg.SelionBasic.DemoTest1(SelionBasic.java:13)
at java.base/jdk.internal.reflect.NativeMethodAccessorImpl.invoke0(Native Method)
at java.base/jdk.internal.reflect.NativeMethodAccessorImpl.invoke(NativeMethodAccessorImpl.java:62)
at java.base/jdk.internal.reflect.DelegatingMethodAccessorImpl.invoke(DelegatingMethodAccessorImpl.java:43)
at java.base/java.lang.reflect.Method.invoke(Method.java:564)
at org.testng.internal.MethodInvocationHelper.invokeMethod(MethodInvocationHelper.java:124)
at org.testng.internal.Invoker.invokeMethod(Invoker.java:580)
at org.testng.internal.Invoker.invokeTestMethod(Invoker.java:716)
at org.testng.internal.Invoker.invokeTestMethods(Invoker.java:988)
at org.testng.internal.TestMethodWorker.invokeTestMethods(TestMethodWorker.java:125)
at org.testng.internal.TestMethodWorker.run(TestMethodWorker.java:109)
at org.testng.TestRunner.privateRun(TestRunner.java:648)
at org.testng.TestRunner.run(TestRunner.java:505)
at org.testng.SuiteRunner.runTest(SuiteRunner.java:455)
at org.testng.SuiteRunner.runSequentially(SuiteRunner.java:450)
at org.testng.SuiteRunner.privateRun(SuiteRunner.java:415)
at org.testng.SuiteRunner.run(SuiteRunner.java:364)
at org.testng.SuiteRunnerWorker.runSuite(SuiteRunnerWorker.java:52)
at org.testng.SuiteRunnerWorker.run(SuiteRunnerWorker.java:84)
at org.testng.TestNG.runSuitesSequentially(TestNG.java:1208)
at org.testng.TestNG.runSuitesLocally(TestNG.java:1137)
at org.testng.TestNG.runSuites(TestNG.java:1049)
at org.testng.TestNG.run(TestNG.java:1017)
at org.testng.remote.AbstractRemoteTestNG.run(AbstractRemoteTestNG.java:114)
at org.testng.remote.RemoteTestNG.initAndRun(RemoteTestNG.java:251)
at org.testng.remote.RemoteTestNG.main(RemoteTestNG.java:77)
Caused by: java.lang.ClassNotFoundException: org.openqa.selenium.MutableCapabilities
at java.base/jdk.internal.loader.BuiltinClassLoader.loadClass(BuiltinClassLoader.java:582)
at java.base/jdk.internal.loader.ClassLoaders$AppClassLoader.loadClass(ClassLoaders.java:185)
at java.base/java.lang.ClassLoader.loadClass(ClassLoader.java:496)
... 42 more
]]>
    </failure>
  </testcase> <!-- DemoTest1 -->
</testsuite> <!-- Default test -->
