<?xml version="1.0" encoding="UTF-8"?>
<!-- Generated by org.testng.reporters.JUnitXMLReporter -->
<testsuite ignored="0" hostname="LK-KAM" failures="1" tests="1" name="testGuru" time="8.441" errors="0" timestamp="18 Aug 2018 18:36:31 GMT">
  <testcase classname="SeleniumBasics.SearchGoogle" name="testSearch" time="8.417">
    <failure type="java.lang.AssertionError" message="expected [Selenium - Web Browser Automation1] but found [Selenium - Web Browser Automation]">
      <![CDATA[java.lang.AssertionError: expected [Selenium - Web Browser Automation1] but found [Selenium - Web Browser Automation]
at SeleniumBasics.SearchGoogle.testSearch(SearchGoogle.java:32)
at java.base/java.util.concurrent.ThreadPoolExecutor.runWorker(ThreadPoolExecutor.java:1167)
at java.base/java.util.concurrent.ThreadPoolExecutor$Worker.run(ThreadPoolExecutor.java:641)
at java.base/java.lang.Thread.run(Thread.java:844)
... Removed 16 stack frames]]>
    </failure>
  </testcase> <!-- testSearch -->
</testsuite> <!-- testGuru -->
