{
  "reportSummary": {
    "testMethodsSummary": {
      "passed": 0,
      "failed": 1,
      "skipped": 0
    },
    "configurationMethodsSummary": {
      "passed": 0,
      "failed": 0,
      "skipped": 0
    }
  },
  "testMethods": [
    {
      "suite": "Selion Test",
      "test": "SampleTest",
      "packageInfo": "SelionPkg",
      "className": "SelionBasic",
      "methodName": "DemoTest1",
      "status": "Failed",
      "startTime": "2018-10-03T05:33:18.039+05:30",
      "endTime": "2018-10-03T05:34:10.000+05:30",
      "exception": "class org.openqa.selenium.WebDriverException:Unable to connect to host 127.0.0.1 on port 7055 after 45000 ms. Firefox console output:\nla.com to C:\\Program Files (x86)\\Mozilla Firefox\\browser\\features\\followonsearch@mozilla.com.xpi\r\n1538525005562\taddons.xpi\tINFO\tMapping formautofill@mozilla.org to C:\\Program Files (x86)\\Mozilla Firefox\\browser\\features\\formautofill@mozilla.org.xpi\r\n1538525005562\taddons.xpi\tINFO\tMapping onboarding@mozilla.org to C:\\Program Files (x86)\\Mozilla Firefox\\browser\\features\\onboarding@mozilla.org.xpi\r\n1538525005562\taddons.xpi\tINFO\tMapping screenshots@mozilla.org to C:\\Program Files (x86)\\Mozilla Firefox\\browser\\features\\screenshots@mozilla.org.xpi\r\n1538525005562\taddons.xpi\tINFO\tMapping webcompat@mozilla.org to C:\\Program Files (x86)\\Mozilla Firefox\\browser\\features\\webcompat@mozilla.org.xpi\r\n1538525005562\taddons.xpi\tDEBUG\tExisting add-on activity-stream@mozilla.org in app-system-defaults\r\n1538525005562\taddons.xpi\tDEBUG\tExisting add-on aushelper@mozilla.org in app-system-defaults\r\n1538525005563\taddons.xpi\tDEBUG\tExisting add-on firefox@getpocket.com in app-system-defaults\r\n1538525005563\taddons.xpi\tDEBUG\tExisting add-on followonsearch@mozilla.com in app-system-defaults\r\n1538525005563\taddons.xpi\tDEBUG\tExisting add-on formautofill@mozilla.org in app-system-defaults\r\n1538525005563\taddons.xpi\tDEBUG\tExisting add-on onboarding@mozilla.org in app-system-defaults\r\n1538525005564\taddons.xpi\tDEBUG\tExisting add-on screenshots@mozilla.org in app-system-defaults\r\n1538525005564\taddons.xpi\tDEBUG\tExisting add-on webcompat@mozilla.org in app-system-defaults\r\n1538525005564\taddons.xpi\tINFO\tMapping {972ce4c6-7e08-4474-a285-3208198ce6fd} to C:\\Program Files (x86)\\Mozilla Firefox\\browser\\extensions\\{972ce4c6-7e08-4474-a285-3208198ce6fd}.xpi\r\n1538525005564\taddons.xpi\tDEBUG\tExisting add-on {972ce4c6-7e08-4474-a285-3208198ce6fd} in app-global\r\n1538525005565\taddons.xpi\tDEBUG\tgetInstallState changed: false, state: {}\r\n1538525012680\taddons.xpi\tDEBUG\tCalling bootstrap method shutdown on webcompat@mozilla.org version 1.1\r\n1538525012681\taddons.xpi\tDEBUG\tCalling bootstrap method shutdown on screenshots@mozilla.org version 30.1.0\r\n1538525012686\taddons.xpi\tDEBUG\tCalling bootstrap method shutdown on onboarding@mozilla.org version 1.0\r\n1538525012687\taddons.xpi\tDEBUG\tCalling bootstrap method shutdown on formautofill@mozilla.org version 1.0\r\n1538525012688\taddons.xpi\tDEBUG\tCalling bootstrap method shutdown on followonsearch@mozilla.com version 0.9.6\r\n1538525012688\taddons.xpi\tDEBUG\tCalling bootstrap method shutdown on firefox@getpocket.com version 1.0.5\r\n1538525012688\taddons.xpi\tDEBUG\tCalling bootstrap method shutdown on aushelper@mozilla.org version 2.0\r\n1538525012689\taddons.xpi\tDEBUG\tCalling bootstrap method shutdown on activity-stream@mozilla.org version 2018.04.20.1103-b3b95672\r\n[Child 6376, Chrome_ChildThread] WARNING: pipe error: 109: file z:/build/build/src/ipc/chromium/src/chrome/common/ipc_channel_win.cc, line 346\r\n[Child 35[56,C Chrohme_ChildThread] WARNING: pipe error: 109: file z:/build/build/src/ipc/chromium/src/chrome/common/ipc_channel_win.cc, line 346\r\n[Child 3556, Chrome_Child[Child 15612, Chrome_ChildThread] WARNING: pipe error: 109: file z:/build/build/src/ipc/chromium/src/chrome/common/ipc_channel_win.cc, line 346\r\n[Child 15612, Chrome_ChildThread] WARN1538525012766\taddons.manager\tDEBUG\tshutdown\r\n1538525012766\taddons.manager\tDEBUG\tCalling shutdown blocker for XPIProvider\r\n1538525012766\taddons.xpi\tDEBUG\tshutdown\r\n1538525012766\taddons.xpi-utils\tDEBUG\tshutdown\r\n1538525012767\taddons.manager\tDEBUG\tCalling shutdown blocker for LightweightThemeManager\r\n1538525012767\taddons.manager\tDEBUG\tCalling shutdown blocker for GMPProvider\r\n1538525012767\taddons.manager\tDEBUG\tCalling shutdown blocker for PluginProvider\r\n1538525012767\taddons.manager\tDEBUG\tCalling shutdown blocker for PreviousExperimentProvider\r\n1538525012771\taddons.manager\tDEBUG\tAsync provider shutdown done\r\n*** UTM:SVC TimerManager:registerTimer called after profile-before-change notification. Ignoring timer registration for id: telemetry_modules_ping\r\n[GPU 10704, Chrome_ChildThread] WARNING: pipe error: 109: file z:/b\r\n###!!! [Child][MessageChannel::SendAndWait] Error: Channel error: cannot send/recv\r\n\r\n\nCommand duration or timeout: 47.17 seconds\nBuild info: version: \u00272.53.1\u0027, revision: \u0027a36b8b1cd5757287168e54b817830adce9b0158d\u0027, time: \u00272016-06-30 19:26:09\u0027\nSystem info: host: \u0027LK-KAM\u0027, ip: \u002710.171.251.173\u0027, os.name: \u0027Windows 10\u0027, os.arch: \u0027amd64\u0027, os.version: \u002710.0\u0027, java.version: \u00279.0.4\u0027\nDriver info: org.openqa.selenium.remote.RemoteWebDriver",
      "stacktrace": "org.openqa.selenium.WebDriverException: Unable to connect to host 127.0.0.1 on port 7055 after 45000 ms. Firefox console output:\nla.com to C:\\Program Files (x86)\\Mozilla Firefox\\browser\\features\\followonsearch@mozilla.com.xpi\r\n1538525005562\taddons.xpi\tINFO\tMapping formautofill@mozilla.org to C:\\Program Files (x86)\\Mozilla Firefox\\browser\\features\\formautofill@mozilla.org.xpi\r\n1538525005562\taddons.xpi\tINFO\tMapping onboarding@mozilla.org to C:\\Program Files (x86)\\Mozilla Firefox\\browser\\features\\onboarding@mozilla.org.xpi\r\n1538525005562\taddons.xpi\tINFO\tMapping screenshots@mozilla.org to C:\\Program Files (x86)\\Mozilla Firefox\\browser\\features\\screenshots@mozilla.org.xpi\r\n1538525005562\taddons.xpi\tINFO\tMapping webcompat@mozilla.org to C:\\Program Files (x86)\\Mozilla Firefox\\browser\\features\\webcompat@mozilla.org.xpi\r\n1538525005562\taddons.xpi\tDEBUG\tExisting add-on activity-stream@mozilla.org in app-system-defaults\r\n1538525005562\taddons.xpi\tDEBUG\tExisting add-on aushelper@mozilla.org in app-system-defaults\r\n1538525005563\taddons.xpi\tDEBUG\tExisting add-on firefox@getpocket.com in app-system-defaults\r\n1538525005563\taddons.xpi\tDEBUG\tExisting add-on followonsearch@mozilla.com in app-system-defaults\r\n1538525005563\taddons.xpi\tDEBUG\tExisting add-on formautofill@mozilla.org in app-system-defaults\r\n1538525005563\taddons.xpi\tDEBUG\tExisting add-on onboarding@mozilla.org in app-system-defaults\r\n1538525005564\taddons.xpi\tDEBUG\tExisting add-on screenshots@mozilla.org in app-system-defaults\r\n1538525005564\taddons.xpi\tDEBUG\tExisting add-on webcompat@mozilla.org in app-system-defaults\r\n1538525005564\taddons.xpi\tINFO\tMapping {972ce4c6-7e08-4474-a285-3208198ce6fd} to C:\\Program Files (x86)\\Mozilla Firefox\\browser\\extensions\\{972ce4c6-7e08-4474-a285-3208198ce6fd}.xpi\r\n1538525005564\taddons.xpi\tDEBUG\tExisting add-on {972ce4c6-7e08-4474-a285-3208198ce6fd} in app-global\r\n1538525005565\taddons.xpi\tDEBUG\tgetInstallState changed: false, state: {}\r\n1538525012680\taddons.xpi\tDEBUG\tCalling bootstrap method shutdown on webcompat@mozilla.org version 1.1\r\n1538525012681\taddons.xpi\tDEBUG\tCalling bootstrap method shutdown on screenshots@mozilla.org version 30.1.0\r\n1538525012686\taddons.xpi\tDEBUG\tCalling bootstrap method shutdown on onboarding@mozilla.org version 1.0\r\n1538525012687\taddons.xpi\tDEBUG\tCalling bootstrap method shutdown on formautofill@mozilla.org version 1.0\r\n1538525012688\taddons.xpi\tDEBUG\tCalling bootstrap method shutdown on followonsearch@mozilla.com version 0.9.6\r\n1538525012688\taddons.xpi\tDEBUG\tCalling bootstrap method shutdown on firefox@getpocket.com version 1.0.5\r\n1538525012688\taddons.xpi\tDEBUG\tCalling bootstrap method shutdown on aushelper@mozilla.org version 2.0\r\n1538525012689\taddons.xpi\tDEBUG\tCalling bootstrap method shutdown on activity-stream@mozilla.org version 2018.04.20.1103-b3b95672\r\n[Child 6376, Chrome_ChildThread] WARNING: pipe error: 109: file z:/build/build/src/ipc/chromium/src/chrome/common/ipc_channel_win.cc, line 346\r\n[Child 35[56,C Chrohme_ChildThread] WARNING: pipe error: 109: file z:/build/build/src/ipc/chromium/src/chrome/common/ipc_channel_win.cc, line 346\r\n[Child 3556, Chrome_Child[Child 15612, Chrome_ChildThread] WARNING: pipe error: 109: file z:/build/build/src/ipc/chromium/src/chrome/common/ipc_channel_win.cc, line 346\r\n[Child 15612, Chrome_ChildThread] WARN1538525012766\taddons.manager\tDEBUG\tshutdown\r\n1538525012766\taddons.manager\tDEBUG\tCalling shutdown blocker for XPIProvider\r\n1538525012766\taddons.xpi\tDEBUG\tshutdown\r\n1538525012766\taddons.xpi-utils\tDEBUG\tshutdown\r\n1538525012767\taddons.manager\tDEBUG\tCalling shutdown blocker for LightweightThemeManager\r\n1538525012767\taddons.manager\tDEBUG\tCalling shutdown blocker for GMPProvider\r\n1538525012767\taddons.manager\tDEBUG\tCalling shutdown blocker for PluginProvider\r\n1538525012767\taddons.manager\tDEBUG\tCalling shutdown blocker for PreviousExperimentProvider\r\n1538525012771\taddons.manager\tDEBUG\tAsync provider shutdown done\r\n*** UTM:SVC TimerManager:registerTimer called after profile-before-change notification. Ignoring timer registration for id: telemetry_modules_ping\r\n[GPU 10704, Chrome_ChildThread] WARNING: pipe error: 109: file z:/b\r\n###!!! [Child][MessageChannel::SendAndWait] Error: Channel error: cannot send/recv\r\n\r\n\nCommand duration or timeout: 47.17 seconds\nBuild info: version: \u00272.53.1\u0027, revision: \u0027a36b8b1cd5757287168e54b817830adce9b0158d\u0027, time: \u00272016-06-30 19:26:09\u0027\nSystem info: host: \u0027LK-KAM\u0027, ip: \u002710.171.251.173\u0027, os.name: \u0027Windows 10\u0027, os.arch: \u0027amd64\u0027, os.version: \u002710.0\u0027, java.version: \u00279.0.4\u0027\nDriver info: org.openqa.selenium.remote.RemoteWebDriver\r\n\tat java.base/jdk.internal.reflect.NativeConstructorAccessorImpl.newInstance0(Native Method)\r\n\tat java.base/jdk.internal.reflect.NativeConstructorAccessorImpl.newInstance(NativeConstructorAccessorImpl.java:62)\r\n\tat java.base/jdk.internal.reflect.DelegatingConstructorAccessorImpl.newInstance(DelegatingConstructorAccessorImpl.java:45)\r\n\tat java.base/java.lang.reflect.Constructor.newInstance(Constructor.java:488)\r\n\tat org.openqa.selenium.remote.ErrorHandler.createThrowable(ErrorHandler.java:206)\r\n\tat org.openqa.selenium.remote.ErrorHandler.throwIfResponseFailed(ErrorHandler.java:158)\r\n\tat org.openqa.selenium.remote.RemoteWebDriver.execute(RemoteWebDriver.java:678)\r\n\tat org.openqa.selenium.remote.RemoteWebDriver.startSession(RemoteWebDriver.java:249)\r\n\tat org.openqa.selenium.remote.RemoteWebDriver.\u003cinit\u003e(RemoteWebDriver.java:131)\r\n\tat org.openqa.selenium.remote.RemoteWebDriver.\u003cinit\u003e(RemoteWebDriver.java:158)\r\n\tat com.paypal.selion.internal.platform.grid.browsercapabilities.WebDriverFactory.createDriverInstance(WebDriverFactory.java:108)\r\n\tat com.paypal.selion.internal.platform.grid.browsercapabilities.WebDriverFactory.createInstance(WebDriverFactory.java:93)\r\n\tat com.paypal.selion.internal.platform.grid.WebTestSession.createSession(WebTestSession.java:147)\r\n\tat com.paypal.selion.internal.platform.grid.WebTestSession.startSession(WebTestSession.java:163)\r\n\tat com.paypal.selion.platform.grid.Grid.driver(Grid.java:107)\r\n\tat SelionPkg.SelionBasic.DemoTest1(SelionBasic.java:13)\r\n\tat java.base/jdk.internal.reflect.NativeMethodAccessorImpl.invoke0(Native Method)\r\n\tat java.base/jdk.internal.reflect.NativeMethodAccessorImpl.invoke(NativeMethodAccessorImpl.java:62)\r\n\tat java.base/jdk.internal.reflect.DelegatingMethodAccessorImpl.invoke(DelegatingMethodAccessorImpl.java:43)\r\n\tat java.base/java.lang.reflect.Method.invoke(Method.java:564)\r\n\tat org.testng.internal.MethodInvocationHelper.invokeMethod(MethodInvocationHelper.java:124)\r\n\tat org.testng.internal.Invoker.invokeMethod(Invoker.java:580)\r\n\tat org.testng.internal.Invoker.invokeTestMethod(Invoker.java:716)\r\n\tat org.testng.internal.Invoker.invokeTestMethods(Invoker.java:988)\r\n\tat org.testng.internal.TestMethodWorker.invokeTestMethods(TestMethodWorker.java:125)\r\n\tat org.testng.internal.TestMethodWorker.run(TestMethodWorker.java:109)\r\n\tat java.base/java.util.concurrent.ThreadPoolExecutor.runWorker(ThreadPoolExecutor.java:1167)\r\n\tat java.base/java.util.concurrent.ThreadPoolExecutor$Worker.run(ThreadPoolExecutor.java:641)\r\n\tat java.base/java.lang.Thread.run(Thread.java:844)\r\nCaused by: org.openqa.selenium.remote.ErrorHandler$UnknownServerException: Unable to connect to host 127.0.0.1 on port 7055 after 45000 ms. Firefox console output:\nla.com to C:\\Program Files (x86)\\Mozilla Firefox\\browser\\features\\followonsearch@mozilla.com.xpi\r\n1538525005562\taddons.xpi\tINFO\tMapping formautofill@mozilla.org to C:\\Program Files (x86)\\Mozilla Firefox\\browser\\features\\formautofill@mozilla.org.xpi\r\n1538525005562\taddons.xpi\tINFO\tMapping onboarding@mozilla.org to C:\\Program Files (x86)\\Mozilla Firefox\\browser\\features\\onboarding@mozilla.org.xpi\r\n1538525005562\taddons.xpi\tINFO\tMapping screenshots@mozilla.org to C:\\Program Files (x86)\\Mozilla Firefox\\browser\\features\\screenshots@mozilla.org.xpi\r\n1538525005562\taddons.xpi\tINFO\tMapping webcompat@mozilla.org to C:\\Program Files (x86)\\Mozilla Firefox\\browser\\features\\webcompat@mozilla.org.xpi\r\n1538525005562\taddons.xpi\tDEBUG\tExisting add-on activity-stream@mozilla.org in app-system-defaults\r\n1538525005562\taddons.xpi\tDEBUG\tExisting add-on aushelper@mozilla.org in app-system-defaults\r\n1538525005563\taddons.xpi\tDEBUG\tExisting add-on firefox@getpocket.com in app-system-defaults\r\n1538525005563\taddons.xpi\tDEBUG\tExisting add-on followonsearch@mozilla.com in app-system-defaults\r\n1538525005563\taddons.xpi\tDEBUG\tExisting add-on formautofill@mozilla.org in app-system-defaults\r\n1538525005563\taddons.xpi\tDEBUG\tExisting add-on onboarding@mozilla.org in app-system-defaults\r\n1538525005564\taddons.xpi\tDEBUG\tExisting add-on screenshots@mozilla.org in app-system-defaults\r\n1538525005564\taddons.xpi\tDEBUG\tExisting add-on webcompat@mozilla.org in app-system-defaults\r\n1538525005564\taddons.xpi\tINFO\tMapping {972ce4c6-7e08-4474-a285-3208198ce6fd} to C:\\Program Files (x86)\\Mozilla Firefox\\browser\\extensions\\{972ce4c6-7e08-4474-a285-3208198ce6fd}.xpi\r\n1538525005564\taddons.xpi\tDEBUG\tExisting add-on {972ce4c6-7e08-4474-a285-3208198ce6fd} in app-global\r\n1538525005565\taddons.xpi\tDEBUG\tgetInstallState changed: false, state: {}\r\n1538525012680\taddons.xpi\tDEBUG\tCalling bootstrap method shutdown on webcompat@mozilla.org version 1.1\r\n1538525012681\taddons.xpi\tDEBUG\tCalling bootstrap method shutdown on screenshots@mozilla.org version 30.1.0\r\n1538525012686\taddons.xpi\tDEBUG\tCalling bootstrap method shutdown on onboarding@mozilla.org version 1.0\r\n1538525012687\taddons.xpi\tDEBUG\tCalling bootstrap method shutdown on formautofill@mozilla.org version 1.0\r\n1538525012688\taddons.xpi\tDEBUG\tCalling bootstrap method shutdown on followonsearch@mozilla.com version 0.9.6\r\n1538525012688\taddons.xpi\tDEBUG\tCalling bootstrap method shutdown on firefox@getpocket.com version 1.0.5\r\n1538525012688\taddons.xpi\tDEBUG\tCalling bootstrap method shutdown on aushelper@mozilla.org version 2.0\r\n1538525012689\taddons.xpi\tDEBUG\tCalling bootstrap method shutdown on activity-stream@mozilla.org version 2018.04.20.1103-b3b95672\r\n[Child 6376, Chrome_ChildThread] WARNING: pipe error: 109: file z:/build/build/src/ipc/chromium/src/chrome/common/ipc_channel_win.cc, line 346\r\n[Child 35[56,C Chrohme_ChildThread] WARNING: pipe error: 109: file z:/build/build/src/ipc/chromium/src/chrome/common/ipc_channel_win.cc, line 346\r\n[Child 3556, Chrome_Child[Child 15612, Chrome_ChildThread] WARNING: pipe error: 109: file z:/build/build/src/ipc/chromium/src/chrome/common/ipc_channel_win.cc, line 346\r\n[Child 15612, Chrome_ChildThread] WARN1538525012766\taddons.manager\tDEBUG\tshutdown\r\n1538525012766\taddons.manager\tDEBUG\tCalling shutdown blocker for XPIProvider\r\n1538525012766\taddons.xpi\tDEBUG\tshutdown\r\n1538525012766\taddons.xpi-utils\tDEBUG\tshutdown\r\n1538525012767\taddons.manager\tDEBUG\tCalling shutdown blocker for LightweightThemeManager\r\n1538525012767\taddons.manager\tDEBUG\tCalling shutdown blocker for GMPProvider\r\n1538525012767\taddons.manager\tDEBUG\tCalling shutdown blocker for PluginProvider\r\n1538525012767\taddons.manager\tDEBUG\tCalling shutdown blocker for PreviousExperimentProvider\r\n1538525012771\taddons.manager\tDEBUG\tAsync provider shutdown done\r\n*** UTM:SVC TimerManager:registerTimer called after profile-before-change notification. Ignoring timer registration for id: telemetry_modules_ping\r\n[GPU 10704, Chrome_ChildThread] WARNING: pipe error: 109: file z:/b\r\n###!!! [Child][MessageChannel::SendAndWait] Error: Channel error: cannot send/recv\r\n\r\n\nBuild info: version: \u00272.53.1\u0027, revision: \u0027a36b8b1cd5757287168e54b817830adce9b0158d\u0027, time: \u00272016-06-30 19:26:09\u0027\nSystem info: host: \u0027LK-KAM\u0027, ip: \u002710.171.251.173\u0027, os.name: \u0027Windows 10\u0027, os.arch: \u0027amd64\u0027, os.version: \u002710.0\u0027, java.version: \u00279.0.4\u0027\nDriver info: driver.version: FirefoxDriver\r\n\tat org.openqa.selenium.firefox.internal.NewProfileExtensionConnection.start(NewProfileExtensionConnection.java:113)\r\n\tat org.openqa.selenium.firefox.FirefoxDriver.startClient(FirefoxDriver.java:271)\r\n\tat org.openqa.selenium.remote.RemoteWebDriver.\u003cinit\u003e(RemoteWebDriver.java:119)\r\n\tat org.openqa.selenium.firefox.FirefoxDriver.\u003cinit\u003e(FirefoxDriver.java:216)\r\n\tat org.openqa.selenium.firefox.FirefoxDriver.\u003cinit\u003e(FirefoxDriver.java:211)\r\n\tat org.openqa.selenium.firefox.FirefoxDriver.\u003cinit\u003e(FirefoxDriver.java:128)\r\n\tat jdk.internal.reflect.NativeConstructorAccessorImpl.newInstance0(Native Method)\r\n\tat jdk.internal.reflect.NativeConstructorAccessorImpl.newInstance(NativeConstructorAccessorImpl.java:62)\r\n\tat jdk.internal.reflect.DelegatingConstructorAccessorImpl.newInstance(DelegatingConstructorAccessorImpl.java:45)\r\n\tat java.lang.reflect.Constructor.newInstance(Constructor.java:488)\r\n\tat org.openqa.selenium.remote.server.FirefoxDriverProvider.callConstructor(FirefoxDriverProvider.java:91)\r\n\tat org.openqa.selenium.remote.server.FirefoxDriverProvider.newInstance(FirefoxDriverProvider.java:68)\r\n\tat org.openqa.selenium.remote.server.DefaultDriverFactory.newInstance(DefaultDriverFactory.java:60)\r\n\tat org.openqa.selenium.remote.server.DefaultSession$BrowserCreator.call(DefaultSession.java:222)\r\n\tat org.openqa.selenium.remote.server.DefaultSession$BrowserCreator.call(DefaultSession.java:209)\r\n\tat java.util.concurrent.FutureTask.run(FutureTask.java:264)\r\n\tat org.openqa.selenium.remote.server.DefaultSession$1.run(DefaultSession.java:176)\r\n\tat java.util.concurrent.ThreadPoolExecutor.runWorker(ThreadPoolExecutor.java:1167)\r\n\tat java.util.concurrent.ThreadPoolExecutor$Worker.run(ThreadPoolExecutor.java:641)\r\n\tat java.lang.Thread.run(Thread.java:844)\r\n"
    }
  ],
  "configurationMethods": [],
  "configSummary": {
    "currentDate": "2018-10-03T05:33:17.989+05:30"
  },
  "localConfigSummary": [
    {
      "currentDate": "2018-10-03T05:33:18.009+05:30",
      "suite": "Selion Test",
      "test": "SampleTest"
    }
  ],
  "reporterMetadata": {
    "currentDate": {
      "displayLabel": "Current Date"
    }
  }
}
